2019-11-25 13:12:42,578 INFO org.springframework.boot.StartupInfoLogger [main] Starting CourseAPIData on LAPTOP-HMFUJK93 with PID 7328 (started by SABAB in D:\IntelliJ Projects\Spring-Boot-Course-API with Data)
2019-11-25 13:12:42,581 DEBUG org.springframework.boot.StartupInfoLogger [main] Running with Spring Boot v1.5.9.RELEASE, Spring v4.3.13.RELEASE
2019-11-25 13:12:42,581 INFO org.springframework.boot.SpringApplication [main] No active profile set, falling back to default profiles: default
2019-11-25 13:12:42,625 INFO org.springframework.context.support.AbstractApplicationContext [main] Refreshing org.springframework.boot.context.embedded.AnnotationConfigEmbeddedWebApplicationContext@358ee631: startup date [Mon Nov 25 13:12:42 BDT 2019]; root of context hierarchy
2019-11-25 13:12:42,938 INFO org.hibernate.validator.internal.util.Version [background-preinit] HV000001: Hibernate Validator 5.3.6.Final
2019-11-25 13:12:44,235 INFO org.springframework.boot.context.embedded.tomcat.TomcatEmbeddedServletContainer [main] Tomcat initialized with port(s): 1010 (http)
2019-11-25 13:12:44,244 INFO org.apache.juli.logging.DirectJDKLog [main] Starting service [Tomcat]
2019-11-25 13:12:44,245 INFO org.apache.juli.logging.DirectJDKLog [main] Starting Servlet Engine: Apache Tomcat/8.5.23
2019-11-25 13:12:44,346 INFO org.apache.juli.logging.DirectJDKLog [localhost-startStop-1] Initializing Spring embedded WebApplicationContext
2019-11-25 13:12:44,346 INFO org.springframework.boot.context.embedded.EmbeddedWebApplicationContext [localhost-startStop-1] Root WebApplicationContext: initialization completed in 1721 ms
2019-11-25 13:12:44,468 INFO org.springframework.boot.web.servlet.ServletRegistrationBean [localhost-startStop-1] Mapping servlet: 'dispatcherServlet' to [/]
2019-11-25 13:12:44,471 INFO org.springframework.boot.web.servlet.AbstractFilterRegistrationBean [localhost-startStop-1] Mapping filter: 'characterEncodingFilter' to: [/*]
2019-11-25 13:12:44,472 INFO org.springframework.boot.web.servlet.AbstractFilterRegistrationBean [localhost-startStop-1] Mapping filter: 'hiddenHttpMethodFilter' to: [/*]
2019-11-25 13:12:44,472 INFO org.springframework.boot.web.servlet.AbstractFilterRegistrationBean [localhost-startStop-1] Mapping filter: 'httpPutFormContentFilter' to: [/*]
2019-11-25 13:12:44,472 INFO org.springframework.boot.web.servlet.AbstractFilterRegistrationBean [localhost-startStop-1] Mapping filter: 'requestContextFilter' to: [/*]
2019-11-25 13:12:45,204 INFO org.springframework.orm.jpa.LocalContainerEntityManagerFactoryBean [main] Building JPA container EntityManagerFactory for persistence unit 'default'
2019-11-25 13:12:45,215 INFO org.hibernate.jpa.internal.util.LogHelper [main] HHH000204: Processing PersistenceUnitInfo [
	name: default
	...]
2019-11-25 13:12:45,273 INFO org.hibernate.Version [main] HHH000412: Hibernate Core {5.0.12.Final}
2019-11-25 13:12:45,274 INFO org.hibernate.cfg.Environment [main] HHH000206: hibernate.properties not found
2019-11-25 13:12:45,275 INFO org.hibernate.cfg.Environment [main] HHH000021: Bytecode provider name : javassist
2019-11-25 13:12:45,313 INFO org.hibernate.annotations.common.reflection.java.JavaReflectionManager [main] HCANN000001: Hibernate Commons Annotations {5.0.1.Final}
2019-11-25 13:12:45,404 INFO org.hibernate.dialect.Dialect [main] HHH000400: Using dialect: org.hibernate.dialect.DerbyDialect
2019-11-25 13:12:45,411 WARN org.hibernate.dialect.DerbyDialect [main] HHH000430: The DerbyDialect dialect has been deprecated; use one of the version-specific dialects instead
2019-11-25 13:12:46,103 INFO org.hibernate.tool.hbm2ddl.SchemaExport [main] HHH000227: Running hbm2ddl schema export
2019-11-25 13:12:46,110 ERROR org.hibernate.tool.hbm2ddl.SchemaExport [main] HHH000389: Unsuccessful: alter table course drop constraint FKokaxyfpv8p583w8yspapfb2ar
2019-11-25 13:12:46,110 ERROR org.hibernate.tool.hbm2ddl.SchemaExport [main] Schema 'SA' does not exist
2019-11-25 13:12:46,111 ERROR org.hibernate.tool.hbm2ddl.SchemaExport [main] HHH000389: Unsuccessful: drop table course
2019-11-25 13:12:46,111 ERROR org.hibernate.tool.hbm2ddl.SchemaExport [main] Schema 'SA' does not exist
2019-11-25 13:12:46,112 ERROR org.hibernate.tool.hbm2ddl.SchemaExport [main] HHH000389: Unsuccessful: drop table topic
2019-11-25 13:12:46,112 ERROR org.hibernate.tool.hbm2ddl.SchemaExport [main] Schema 'SA' does not exist
2019-11-25 13:12:46,158 WARN org.hibernate.engine.jdbc.spi.SqlExceptionHelper$StandardWarningHandler [main] SQL Warning Code: 10000, SQLState: 01J01
2019-11-25 13:12:46,158 WARN org.hibernate.engine.jdbc.spi.SqlExceptionHelper$StandardWarningHandler [main] Database 'memory:testdb' not created, connection made to existing database instead.
2019-11-25 13:12:46,159 INFO org.hibernate.tool.hbm2ddl.SchemaExport [main] HHH000230: Schema export complete
2019-11-25 13:12:46,189 INFO org.springframework.orm.jpa.AbstractEntityManagerFactoryBean [main] Initialized JPA EntityManagerFactory for persistence unit 'default'
2019-11-25 13:12:46,808 INFO org.springframework.web.servlet.mvc.method.annotation.RequestMappingHandlerAdapter [main] Looking for @ControllerAdvice: org.springframework.boot.context.embedded.AnnotationConfigEmbeddedWebApplicationContext@358ee631: startup date [Mon Nov 25 13:12:42 BDT 2019]; root of context hierarchy
2019-11-25 13:12:46,878 INFO org.springframework.web.servlet.handler.AbstractHandlerMethodMapping$MappingRegistry [main] Mapped "{[/topics/{topicId}/courses/{courseId}]}" onto public com.sample.model.Course com.sample.controller.CourseController.getCourseById(java.lang.String)
2019-11-25 13:12:46,878 INFO org.springframework.web.servlet.handler.AbstractHandlerMethodMapping$MappingRegistry [main] Mapped "{[/topics/{topicId}/courses]}" onto public java.util.List<com.sample.model.Course> com.sample.controller.CourseController.getAllCourses(java.lang.String)
2019-11-25 13:12:46,880 INFO org.springframework.web.servlet.handler.AbstractHandlerMethodMapping$MappingRegistry [main] Mapped "{[/topics/{topicId}/courses],methods=[POST]}" onto public void com.sample.controller.CourseController.addCourse(com.sample.model.Course,java.lang.String)
2019-11-25 13:12:46,880 INFO org.springframework.web.servlet.handler.AbstractHandlerMethodMapping$MappingRegistry [main] Mapped "{[/topics/{topicId}/courses/{courseId}],methods=[PUT]}" onto public void com.sample.controller.CourseController.updateCourse(com.sample.model.Course,java.lang.String,java.lang.String)
2019-11-25 13:12:46,881 INFO org.springframework.web.servlet.handler.AbstractHandlerMethodMapping$MappingRegistry [main] Mapped "{[/topics/{topicId}/courses/{courseId}],methods=[DELETE]}" onto public void com.sample.controller.CourseController.deleteCourse(java.lang.String)
2019-11-25 13:12:46,881 INFO org.springframework.web.servlet.handler.AbstractHandlerMethodMapping$MappingRegistry [main] Mapped "{[/topics/{id}],methods=[DELETE]}" onto public void com.sample.controller.TopicController.deleteTopic(java.lang.String)
2019-11-25 13:12:46,881 INFO org.springframework.web.servlet.handler.AbstractHandlerMethodMapping$MappingRegistry [main] Mapped "{[/topics],methods=[POST]}" onto public void com.sample.controller.TopicController.addTopic(com.sample.model.Topic)
2019-11-25 13:12:46,882 INFO org.springframework.web.servlet.handler.AbstractHandlerMethodMapping$MappingRegistry [main] Mapped "{[/topics/{id}],methods=[PUT]}" onto public void com.sample.controller.TopicController.updateTopic(com.sample.model.Topic,java.lang.String)
2019-11-25 13:12:46,882 INFO org.springframework.web.servlet.handler.AbstractHandlerMethodMapping$MappingRegistry [main] Mapped "{[/topics/{id}]}" onto public com.sample.model.Topic com.sample.controller.TopicController.getTopicById(java.lang.String)
2019-11-25 13:12:46,882 INFO org.springframework.web.servlet.handler.AbstractHandlerMethodMapping$MappingRegistry [main] Mapped "{[/topics]}" onto public java.util.List<com.sample.model.Topic> com.sample.controller.TopicController.getTopics()
2019-11-25 13:12:46,882 INFO org.springframework.web.servlet.handler.AbstractHandlerMethodMapping$MappingRegistry [main] Mapped "{[/error]}" onto public org.springframework.http.ResponseEntity<java.util.Map<java.lang.String, java.lang.Object>> org.springframework.boot.autoconfigure.web.BasicErrorController.error(javax.servlet.http.HttpServletRequest)
2019-11-25 13:12:46,885 INFO org.springframework.web.servlet.handler.AbstractHandlerMethodMapping$MappingRegistry [main] Mapped "{[/error],produces=[text/html]}" onto public org.springframework.web.servlet.ModelAndView org.springframework.boot.autoconfigure.web.BasicErrorController.errorHtml(javax.servlet.http.HttpServletRequest,javax.servlet.http.HttpServletResponse)
2019-11-25 13:12:46,905 INFO org.springframework.web.servlet.handler.AbstractUrlHandlerMapping [main] Mapped URL path [/webjars/**] onto handler of type [class org.springframework.web.servlet.resource.ResourceHttpRequestHandler]
2019-11-25 13:12:46,905 INFO org.springframework.web.servlet.handler.AbstractUrlHandlerMapping [main] Mapped URL path [/**] onto handler of type [class org.springframework.web.servlet.resource.ResourceHttpRequestHandler]
2019-11-25 13:12:46,930 INFO org.springframework.web.servlet.handler.AbstractUrlHandlerMapping [main] Mapped URL path [/**/favicon.ico] onto handler of type [class org.springframework.web.servlet.resource.ResourceHttpRequestHandler]
2019-11-25 13:12:47,182 INFO org.springframework.jmx.export.MBeanExporter [main] Registering beans for JMX exposure on startup
2019-11-25 13:12:47,193 INFO org.apache.juli.logging.DirectJDKLog [main] Initializing ProtocolHandler ["http-nio-1010"]
2019-11-25 13:12:47,200 INFO org.apache.juli.logging.DirectJDKLog [main] Starting ProtocolHandler ["http-nio-1010"]
2019-11-25 13:12:47,207 INFO org.apache.juli.logging.DirectJDKLog [main] Using a shared selector for servlet write/read
2019-11-25 13:12:47,224 INFO org.springframework.boot.context.embedded.tomcat.TomcatEmbeddedServletContainer [main] Tomcat started on port(s): 1010 (http)
2019-11-25 13:12:47,229 INFO org.springframework.boot.StartupInfoLogger [main] Started CourseAPIData in 4.921 seconds (JVM running for 5.469)
2019-11-25 13:12:54,555 INFO org.apache.juli.logging.DirectJDKLog [http-nio-1010-exec-2] Initializing Spring FrameworkServlet 'dispatcherServlet'
2019-11-25 13:12:54,556 INFO org.springframework.web.servlet.FrameworkServlet [http-nio-1010-exec-2] FrameworkServlet 'dispatcherServlet': initialization started
2019-11-25 13:12:54,594 INFO org.springframework.web.servlet.FrameworkServlet [http-nio-1010-exec-2] FrameworkServlet 'dispatcherServlet': initialization completed in 36 ms
2019-11-25 13:12:54,646 INFO com.sample.controller.TopicController [http-nio-1010-exec-2] Getting all topics...
2019-11-25 13:12:54,713 INFO org.hibernate.hql.internal.QueryTranslatorFactoryInitiator [http-nio-1010-exec-2] HHH000397: Using ASTQueryTranslatorFactory
2019-11-25 13:13:00,612 INFO com.sample.controller.TopicController [http-nio-1010-exec-3] Adding a new topic...
2019-11-25 13:13:00,630 DEBUG com.sample.controller.TopicController [http-nio-1010-exec-3] Request Body : {"id":"1","name":"Software","description":"Software Topics"}
2019-11-25 13:13:06,321 INFO com.sample.controller.TopicController [http-nio-1010-exec-4] Adding a new topic...
2019-11-25 13:13:06,322 DEBUG com.sample.controller.TopicController [http-nio-1010-exec-4] Request Body : {"id":"3","name":"Hardware","description":"Hardware Topics"}
2019-11-25 13:13:09,019 INFO com.sample.controller.TopicController [http-nio-1010-exec-5] Getting all topics...
2019-11-25 13:13:16,083 INFO com.sample.controller.CourseController [http-nio-1010-exec-6] Getting all course under topic : 1...
2019-11-25 13:13:26,205 INFO com.sample.controller.CourseController [http-nio-1010-exec-7] Adding a new course under topic 5...
2019-11-25 13:13:26,206 DEBUG com.sample.controller.CourseController [http-nio-1010-exec-7] Request Body : {"id":"5","name":"CSE 343","description":"DSD","topic":{"id":"5","name":"","description":""}}
2019-11-25 13:13:26,232 ERROR org.apache.juli.logging.DirectJDKLog [http-nio-1010-exec-7] Servlet.service() for servlet [dispatcherServlet] in context with path [] threw exception [Request processing failed; nested exception is org.springframework.orm.jpa.JpaObjectRetrievalFailureException: Unable to find com.sample.model.Topic with id 5; nested exception is javax.persistence.EntityNotFoundException: Unable to find com.sample.model.Topic with id 5] with root cause
javax.persistence.EntityNotFoundException: Unable to find com.sample.model.Topic with id 5
	at org.hibernate.jpa.boot.internal.EntityManagerFactoryBuilderImpl$JpaEntityNotFoundDelegate.handleEntityNotFound(EntityManagerFactoryBuilderImpl.java:144)
	at org.hibernate.event.internal.DefaultLoadEventListener.load(DefaultLoadEventListener.java:227)
	at org.hibernate.event.internal.DefaultLoadEventListener.proxyOrLoad(DefaultLoadEventListener.java:278)
	at org.hibernate.event.internal.DefaultLoadEventListener.doOnLoad(DefaultLoadEventListener.java:121)
	at org.hibernate.event.internal.DefaultLoadEventListener.onLoad(DefaultLoadEventListener.java:89)
	at org.hibernate.internal.SessionImpl.fireLoad(SessionImpl.java:1129)
	at org.hibernate.internal.SessionImpl.internalLoad(SessionImpl.java:1022)
	at org.hibernate.type.EntityType.resolveIdentifier(EntityType.java:639)
	at org.hibernate.type.EntityType.resolve(EntityType.java:431)
	at org.hibernate.type.EntityType.replace(EntityType.java:330)
	at org.hibernate.type.AbstractType.replace(AbstractType.java:147)
	at org.hibernate.type.TypeHelper.replace(TypeHelper.java:211)
	at org.hibernate.event.internal.DefaultMergeEventListener.copyValues(DefaultMergeEventListener.java:438)
	at org.hibernate.event.internal.DefaultMergeEventListener.entityIsTransient(DefaultMergeEventListener.java:233)
	at org.hibernate.event.internal.DefaultMergeEventListener.entityIsDetached(DefaultMergeEventListener.java:301)
	at org.hibernate.event.internal.DefaultMergeEventListener.onMerge(DefaultMergeEventListener.java:170)
	at org.hibernate.event.internal.DefaultMergeEventListener.onMerge(DefaultMergeEventListener.java:69)
	at org.hibernate.internal.SessionImpl.fireMerge(SessionImpl.java:840)
	at org.hibernate.internal.SessionImpl.merge(SessionImpl.java:822)
	at org.hibernate.internal.SessionImpl.merge(SessionImpl.java:827)
	at org.hibernate.jpa.spi.AbstractEntityManagerImpl.merge(AbstractEntityManagerImpl.java:1161)
	at sun.reflect.NativeMethodAccessorImpl.invoke0(Native Method)
	at sun.reflect.NativeMethodAccessorImpl.invoke(NativeMethodAccessorImpl.java:62)
	at sun.reflect.DelegatingMethodAccessorImpl.invoke(DelegatingMethodAccessorImpl.java:43)
	at java.lang.reflect.Method.invoke(Method.java:498)
	at org.springframework.orm.jpa.ExtendedEntityManagerCreator$ExtendedEntityManagerInvocationHandler.invoke(ExtendedEntityManagerCreator.java:347)
	at com.sun.proxy.$Proxy74.merge(Unknown Source)
	at sun.reflect.NativeMethodAccessorImpl.invoke0(Native Method)
	at sun.reflect.NativeMethodAccessorImpl.invoke(NativeMethodAccessorImpl.java:62)
	at sun.reflect.DelegatingMethodAccessorImpl.invoke(DelegatingMethodAccessorImpl.java:43)
	at java.lang.reflect.Method.invoke(Method.java:498)
	at org.springframework.orm.jpa.SharedEntityManagerCreator$SharedEntityManagerInvocationHandler.invoke(SharedEntityManagerCreator.java:298)
	at com.sun.proxy.$Proxy74.merge(Unknown Source)
	at org.springframework.data.jpa.repository.support.SimpleJpaRepository.save(SimpleJpaRepository.java:511)
	at sun.reflect.NativeMethodAccessorImpl.invoke0(Native Method)
	at sun.reflect.NativeMethodAccessorImpl.invoke(NativeMethodAccessorImpl.java:62)
	at sun.reflect.DelegatingMethodAccessorImpl.invoke(DelegatingMethodAccessorImpl.java:43)
	at java.lang.reflect.Method.invoke(Method.java:498)
	at org.springframework.data.repository.core.support.RepositoryFactorySupport$QueryExecutorMethodInterceptor.executeMethodOn(RepositoryFactorySupport.java:520)
	at org.springframework.data.repository.core.support.RepositoryFactorySupport$QueryExecutorMethodInterceptor.doInvoke(RepositoryFactorySupport.java:505)
	at org.springframework.data.repository.core.support.RepositoryFactorySupport$QueryExecutorMethodInterceptor.invoke(RepositoryFactorySupport.java:477)
	at org.springframework.aop.framework.ReflectiveMethodInvocation.proceed(ReflectiveMethodInvocation.java:179)
	at org.springframework.data.projection.DefaultMethodInvokingMethodInterceptor.invoke(DefaultMethodInvokingMethodInterceptor.java:56)
	at org.springframework.aop.framework.ReflectiveMethodInvocation.proceed(ReflectiveMethodInvocation.java:179)
	at org.springframework.transaction.interceptor.TransactionInterceptor$1.proceedWithInvocation(TransactionInterceptor.java:99)
	at org.springframework.transaction.interceptor.TransactionAspectSupport.invokeWithinTransaction(TransactionAspectSupport.java:282)
	at org.springframework.transaction.interceptor.TransactionInterceptor.invoke(TransactionInterceptor.java:96)
	at org.springframework.aop.framework.ReflectiveMethodInvocation.proceed(ReflectiveMethodInvocation.java:179)
	at org.springframework.dao.support.PersistenceExceptionTranslationInterceptor.invoke(PersistenceExceptionTranslationInterceptor.java:136)
	at org.springframework.aop.framework.ReflectiveMethodInvocation.proceed(ReflectiveMethodInvocation.java:179)
	at org.springframework.data.jpa.repository.support.CrudMethodMetadataPostProcessor$CrudMethodMetadataPopulatingMethodInterceptor.invoke(CrudMethodMetadataPostProcessor.java:133)
	at org.springframework.aop.framework.ReflectiveMethodInvocation.proceed(ReflectiveMethodInvocation.java:179)
	at org.springframework.aop.interceptor.ExposeInvocationInterceptor.invoke(ExposeInvocationInterceptor.java:92)
	at org.springframework.aop.framework.ReflectiveMethodInvocation.proceed(ReflectiveMethodInvocation.java:179)
	at org.springframework.data.repository.core.support.SurroundingTransactionDetectorMethodInterceptor.invoke(SurroundingTransactionDetectorMethodInterceptor.java:57)
	at org.springframework.aop.framework.ReflectiveMethodInvocation.proceed(ReflectiveMethodInvocation.java:179)
	at org.springframework.aop.framework.JdkDynamicAopProxy.invoke(JdkDynamicAopProxy.java:213)
	at com.sun.proxy.$Proxy76.save(Unknown Source)
	at com.sample.model.CourseService.addCourse(CourseService.java:32)
	at com.sample.controller.CourseController.addCourse(CourseController.java:44)
	at sun.reflect.NativeMethodAccessorImpl.invoke0(Native Method)
	at sun.reflect.NativeMethodAccessorImpl.invoke(NativeMethodAccessorImpl.java:62)
	at sun.reflect.DelegatingMethodAccessorImpl.invoke(DelegatingMethodAccessorImpl.java:43)
	at java.lang.reflect.Method.invoke(Method.java:498)
	at org.springframework.web.method.support.InvocableHandlerMethod.doInvoke(InvocableHandlerMethod.java:205)
	at org.springframework.web.method.support.InvocableHandlerMethod.invokeForRequest(InvocableHandlerMethod.java:133)
	at org.springframework.web.servlet.mvc.method.annotation.ServletInvocableHandlerMethod.invokeAndHandle(ServletInvocableHandlerMethod.java:97)
	at org.springframework.web.servlet.mvc.method.annotation.RequestMappingHandlerAdapter.invokeHandlerMethod(RequestMappingHandlerAdapter.java:827)
	at org.springframework.web.servlet.mvc.method.annotation.RequestMappingHandlerAdapter.handleInternal(RequestMappingHandlerAdapter.java:738)
	at org.springframework.web.servlet.mvc.method.AbstractHandlerMethodAdapter.handle(AbstractHandlerMethodAdapter.java:85)
	at org.springframework.web.servlet.DispatcherServlet.doDispatch(DispatcherServlet.java:967)
	at org.springframework.web.servlet.DispatcherServlet.doService(DispatcherServlet.java:901)
	at org.springframework.web.servlet.FrameworkServlet.processRequest(FrameworkServlet.java:970)
	at org.springframework.web.servlet.FrameworkServlet.doPost(FrameworkServlet.java:872)
	at javax.servlet.http.HttpServlet.service(HttpServlet.java:661)
	at org.springframework.web.servlet.FrameworkServlet.service(FrameworkServlet.java:846)
	at javax.servlet.http.HttpServlet.service(HttpServlet.java:742)
	at org.apache.catalina.core.ApplicationFilterChain.internalDoFilter(ApplicationFilterChain.java:231)
	at org.apache.catalina.core.ApplicationFilterChain.doFilter(ApplicationFilterChain.java:166)
	at org.apache.tomcat.websocket.server.WsFilter.doFilter(WsFilter.java:52)
	at org.apache.catalina.core.ApplicationFilterChain.internalDoFilter(ApplicationFilterChain.java:193)
	at org.apache.catalina.core.ApplicationFilterChain.doFilter(ApplicationFilterChain.java:166)
	at org.springframework.web.filter.RequestContextFilter.doFilterInternal(RequestContextFilter.java:99)
	at org.springframework.web.filter.OncePerRequestFilter.doFilter(OncePerRequestFilter.java:107)
	at org.apache.catalina.core.ApplicationFilterChain.internalDoFilter(ApplicationFilterChain.java:193)
	at org.apache.catalina.core.ApplicationFilterChain.doFilter(ApplicationFilterChain.java:166)
	at org.springframework.web.filter.HttpPutFormContentFilter.doFilterInternal(HttpPutFormContentFilter.java:108)
	at org.springframework.web.filter.OncePerRequestFilter.doFilter(OncePerRequestFilter.java:107)
	at org.apache.catalina.core.ApplicationFilterChain.internalDoFilter(ApplicationFilterChain.java:193)
	at org.apache.catalina.core.ApplicationFilterChain.doFilter(ApplicationFilterChain.java:166)
	at org.springframework.web.filter.HiddenHttpMethodFilter.doFilterInternal(HiddenHttpMethodFilter.java:81)
	at org.springframework.web.filter.OncePerRequestFilter.doFilter(OncePerRequestFilter.java:107)
	at org.apache.catalina.core.ApplicationFilterChain.internalDoFilter(ApplicationFilterChain.java:193)
	at org.apache.catalina.core.ApplicationFilterChain.doFilter(ApplicationFilterChain.java:166)
	at org.springframework.web.filter.CharacterEncodingFilter.doFilterInternal(CharacterEncodingFilter.java:197)
	at org.springframework.web.filter.OncePerRequestFilter.doFilter(OncePerRequestFilter.java:107)
	at org.apache.catalina.core.ApplicationFilterChain.internalDoFilter(ApplicationFilterChain.java:193)
	at org.apache.catalina.core.ApplicationFilterChain.doFilter(ApplicationFilterChain.java:166)
	at org.apache.catalina.core.StandardWrapperValve.invoke(StandardWrapperValve.java:199)
	at org.apache.catalina.core.StandardContextValve.invoke(StandardContextValve.java:96)
	at org.apache.catalina.authenticator.AuthenticatorBase.invoke(AuthenticatorBase.java:478)
	at org.apache.catalina.core.StandardHostValve.invoke(StandardHostValve.java:140)
	at org.apache.catalina.valves.ErrorReportValve.invoke(ErrorReportValve.java:81)
	at org.apache.catalina.core.StandardEngineValve.invoke(StandardEngineValve.java:87)
	at org.apache.catalina.connector.CoyoteAdapter.service(CoyoteAdapter.java:342)
	at org.apache.coyote.http11.Http11Processor.service(Http11Processor.java:803)
	at org.apache.coyote.AbstractProcessorLight.process(AbstractProcessorLight.java:66)
	at org.apache.coyote.AbstractProtocol$ConnectionHandler.process(AbstractProtocol.java:868)
	at org.apache.tomcat.util.net.NioEndpoint$SocketProcessor.doRun(NioEndpoint.java:1459)
	at org.apache.tomcat.util.net.SocketProcessorBase.run(SocketProcessorBase.java:49)
	at java.util.concurrent.ThreadPoolExecutor.runWorker(ThreadPoolExecutor.java:1149)
	at java.util.concurrent.ThreadPoolExecutor$Worker.run(ThreadPoolExecutor.java:624)
	at org.apache.tomcat.util.threads.TaskThread$WrappingRunnable.run(TaskThread.java:61)
	at java.lang.Thread.run(Thread.java:748)
2019-11-25 13:13:41,744 INFO com.sample.controller.CourseController [http-nio-1010-exec-9] Adding a new course under topic 3...
2019-11-25 13:13:41,745 DEBUG com.sample.controller.CourseController [http-nio-1010-exec-9] Request Body : {"id":"5","name":"CSE 343","description":"DSD","topic":{"id":"3","name":"","description":""}}
2019-11-25 13:13:47,535 INFO com.sample.controller.CourseController [http-nio-1010-exec-10] Getting all course under topic : 3...
